0 info it worked if it ends with ok
1 verbose cli [ '/usr/local/Cellar/node/7.5.0/bin/node',
1 verbose cli   '/usr/local/bin/npm',
1 verbose cli   'i',
1 verbose cli   '-g',
1 verbose cli   'bower' ]
2 info using npm@4.1.2
3 info using node@v7.5.0
4 silly loadCurrentTree Starting
5 silly install loadCurrentTree
6 silly install readGlobalPackageData
7 silly fetchPackageMetaData bower
8 silly fetchNamedPackageData bower
9 silly mapToRegistry name bower
10 silly mapToRegistry using default registry
11 silly mapToRegistry registry https://registry.npmjs.org/
12 silly mapToRegistry data Result {
12 silly mapToRegistry   raw: 'bower',
12 silly mapToRegistry   scope: null,
12 silly mapToRegistry   escapedName: 'bower',
12 silly mapToRegistry   name: 'bower',
12 silly mapToRegistry   rawSpec: '',
12 silly mapToRegistry   spec: 'latest',
12 silly mapToRegistry   type: 'tag' }
13 silly mapToRegistry uri https://registry.npmjs.org/bower
14 verbose request uri https://registry.npmjs.org/bower
15 verbose request no auth needed
16 info attempt registry request try #1 at 下午8:32:32
17 verbose request id ac0521a8a36ccb1b
18 verbose etag W/"589f60b2-2ae1a"
19 verbose lastModified Sat, 11 Feb 2017 19:06:26 GMT
20 http request GET https://registry.npmjs.org/bower
21 http 304 https://registry.npmjs.org/bower
22 verbose headers { date: 'Sat, 18 Feb 2017 12:32:33 GMT',
22 verbose headers   via: '1.1 varnish',
22 verbose headers   'cache-control': 'max-age=300',
22 verbose headers   etag: 'W/"589f60b2-2ae1a"',
22 verbose headers   age: '248',
22 verbose headers   connection: 'keep-alive',
22 verbose headers   'x-served-by': 'cache-hkg6823-HKG',
22 verbose headers   'x-cache': 'HIT',
22 verbose headers   'x-cache-hits': '1',
22 verbose headers   'x-timer': 'S1487421153.627154,VS0,VE0',
22 verbose headers   vary: 'Accept-Encoding' }
23 silly get cb [ 304,
23 silly get   { date: 'Sat, 18 Feb 2017 12:32:33 GMT',
23 silly get     via: '1.1 varnish',
23 silly get     'cache-control': 'max-age=300',
23 silly get     etag: 'W/"589f60b2-2ae1a"',
23 silly get     age: '248',
23 silly get     connection: 'keep-alive',
23 silly get     'x-served-by': 'cache-hkg6823-HKG',
23 silly get     'x-cache': 'HIT',
23 silly get     'x-cache-hits': '1',
23 silly get     'x-timer': 'S1487421153.627154,VS0,VE0',
23 silly get     vary: 'Accept-Encoding' } ]
24 verbose etag https://registry.npmjs.org/bower from cache
25 verbose get saving bower to /Users/andyiac/.npm/registry.npmjs.org/bower/.cache.json
26 verbose correctMkdir /Users/andyiac/.npm correctMkdir not in flight; initializing
27 silly install normalizeTree
28 silly loadCurrentTree Finishing
29 silly loadIdealTree Starting
30 silly install loadIdealTree
31 silly cloneCurrentTree Starting
32 silly install cloneCurrentTreeToIdealTree
33 silly cloneCurrentTree Finishing
34 silly loadShrinkwrap Starting
35 silly install loadShrinkwrap
36 silly loadShrinkwrap Finishing
37 silly loadAllDepsIntoIdealTree Starting
38 silly install loadAllDepsIntoIdealTree
39 silly resolveWithNewModule bower@1.8.0 checking installable status
40 silly cache add args [ 'bower', null ]
41 verbose cache add spec bower
42 silly cache add parsed spec Result {
42 silly cache add   raw: 'bower',
42 silly cache add   scope: null,
42 silly cache add   escapedName: 'bower',
42 silly cache add   name: 'bower',
42 silly cache add   rawSpec: '',
42 silly cache add   spec: 'latest',
42 silly cache add   type: 'tag' }
43 silly addNamed bower@latest
44 verbose addNamed "latest" is being treated as a dist-tag for bower
45 info addNameTag [ 'bower', 'latest' ]
46 silly mapToRegistry name bower
47 silly mapToRegistry using default registry
48 silly mapToRegistry registry https://registry.npmjs.org/
49 silly mapToRegistry data Result {
49 silly mapToRegistry   raw: 'bower',
49 silly mapToRegistry   scope: null,
49 silly mapToRegistry   escapedName: 'bower',
49 silly mapToRegistry   name: 'bower',
49 silly mapToRegistry   rawSpec: '',
49 silly mapToRegistry   spec: 'latest',
49 silly mapToRegistry   type: 'tag' }
50 silly mapToRegistry uri https://registry.npmjs.org/bower
51 verbose addNameTag registry:https://registry.npmjs.org/bower not in flight; fetching
52 verbose get https://registry.npmjs.org/bower not expired, no request
53 silly addNameTag next cb for bower with tag latest
54 silly addNamed bower@1.8.0
55 verbose addNamed "1.8.0" is a plain semver version for bower
56 silly mapToRegistry name bower
57 silly mapToRegistry using default registry
58 silly mapToRegistry registry https://registry.npmjs.org/
59 silly mapToRegistry data Result {
59 silly mapToRegistry   raw: 'bower',
59 silly mapToRegistry   scope: null,
59 silly mapToRegistry   escapedName: 'bower',
59 silly mapToRegistry   name: 'bower',
59 silly mapToRegistry   rawSpec: '',
59 silly mapToRegistry   spec: 'latest',
59 silly mapToRegistry   type: 'tag' }
60 silly mapToRegistry uri https://registry.npmjs.org/bower
61 verbose addRemoteTarball https://registry.npmjs.org/bower/-/bower-1.8.0.tgz not in flight; adding
62 verbose addRemoteTarball [ 'https://registry.npmjs.org/bower/-/bower-1.8.0.tgz',
62 verbose addRemoteTarball   '55dbebef0ad9155382d9e9d3e497c1372345b44a' ]
63 info retry fetch attempt 1 at 下午8:32:33
64 info attempt registry request try #1 at 下午8:32:33
65 http fetch GET https://registry.npmjs.org/bower/-/bower-1.8.0.tgz
66 http fetch 200 https://registry.npmjs.org/bower/-/bower-1.8.0.tgz
67 verbose stack Error: read ECONNRESET
67 verbose stack     at exports._errnoException (util.js:1023:11)
67 verbose stack     at TLSWrap.onread (net.js:572:26)
68 verbose cwd /Users/andyiac/Documents/andyiac.com
69 error Darwin 16.1.0
70 error argv "/usr/local/Cellar/node/7.5.0/bin/node" "/usr/local/bin/npm" "i" "-g" "bower"
71 error node v7.5.0
72 error npm  v4.1.2
73 error code ECONNRESET
74 error errno ECONNRESET
75 error syscall read
76 error network read ECONNRESET
77 error network This is most likely not a problem with npm itself
77 error network and is related to network connectivity.
77 error network In most cases you are behind a proxy or have bad network settings.
77 error network
77 error network If you are behind a proxy, please make sure that the
77 error network 'proxy' config is set properly.  See: 'npm help config'
78 verbose exit [ 1, true ]
